#
# There is insufficient memory for the Java Runtime Environment to continue.
# Native memory allocation (mmap) failed to map 134217728 bytes for G1 virtual space
# Possible reasons:
#   The system is out of physical RAM or swap space
#   The process is running with CompressedOops enabled, and the Java Heap may be blocking the growth of the native heap
# Possible solutions:
#   Reduce memory load on the system
#   Increase physical memory or swap space
#   Check if swap backing store is full
#   Decrease Java heap size (-Xmx/-Xms)
#   Decrease number of Java threads
#   Decrease Java thread stack sizes (-Xss)
#   Set larger code cache with -XX:ReservedCodeCacheSize=
#   JVM is running with Unscaled Compressed Oops mode in which the Java heap is
#     placed in the first 4GB address space. The Java Heap base address is the
#     maximum limit for the native heap growth. Please use -XX:HeapBaseMinAddress
#     to set the Java Heap base and to place the Java Heap above 4GB virtual address.
# This output file may be truncated or incomplete.
#
#  Out of Memory Error (os_windows.cpp:3548), pid=16192, tid=15980
#
# JRE version:  (17.0.12+8) (build )
# Java VM: Java HotSpot(TM) 64-Bit Server VM (17.0.12+8-LTS-286, mixed mode, sharing, tiered, compressed oops, compressed class ptrs, g1 gc, windows-amd64)
# No core dump will be written. Minidumps are not enabled by default on client versions of Windows
#

---------------  S U M M A R Y ------------

Command Line: --enable-native-access=ALL-UNNAMED 

Host: Intel(R) Core(TM) i5-6300U CPU @ 2.40GHz, 4 cores, 7G,  Windows 10 , 64 bit Build 19041 (10.0.19041.5915)
Time: Wed Feb 11 10:26:07 2026 India Standard Time elapsed time: 0.016574 seconds (0d 0h 0m 0s)

---------------  T H R E A D  ---------------

Current thread (0x000001bf67ec4a30):  JavaThread "Unknown thread" [_thread_in_vm, id=15980, stack(0x0000001737f00000,0x0000001738000000)]

Stack: [0x0000001737f00000,0x0000001738000000]
Native frames: (J=compiled Java code, j=interpreted, Vv=VM code, C=native code)
V  [jvm.dll+0x67a04a]
V  [jvm.dll+0x7da4ed]
V  [jvm.dll+0x7dbe33]
V  [jvm.dll+0x7dc4a3]
V  [jvm.dll+0x24508f]
V  [jvm.dll+0x677089]
V  [jvm.dll+0x66bd32]
V  [jvm.dll+0x301fa6]
V  [jvm.dll+0x309546]
V  [jvm.dll+0x359d2e]
V  [jvm.dll+0x359f5f]
V  [jvm.dll+0x2d9078]
V  [jvm.dll+0x2d9fe4]
V  [jvm.dll+0x7aca21]
V  [jvm.dll+0x367591]
V  [jvm.dll+0x78b999]
V  [jvm.dll+0x3ec83f]
V  [jvm.dll+0x3ee471]
C  [jli.dll+0x5297]
C  [ucrtbase.dll+0x21bb2]
C  [KERNEL32.DLL+0x17374]
C  [ntdll.dll+0x4cc91]


---------------  P R O C E S S  ---------------

Threads class SMR info:
_java_thread_list=0x00007fffe7157a18, length=0, elements={
}

Java Threads: ( => current thread )

Other Threads:
  0x000001bf67f20a40 GCTaskThread "GC Thread#0" [stack: 0x0000001738000000,0x0000001738100000] [id=15928]
  0x000001bf67f31610 ConcurrentGCThread "G1 Main Marker" [stack: 0x0000001738100000,0x0000001738200000] [id=15924]
  0x000001bf67f327c0 ConcurrentGCThread "G1 Conc#0" [stack: 0x0000001738200000,0x0000001738300000] [id=15920]

[error occurred during error reporting (printing all threads), id 0xc0000005, EXCEPTION_ACCESS_VIOLATION (0xc0000005) at pc=0x00007fffe6989b67]

VM state: not at safepoint (not fully initialized)

VM Mutex/Monitor currently owned by a thread:  ([mutex/lock_event])
[0x000001bf67ec1a20] Heap_lock - owner thread: 0x000001bf67ec4a30

Heap address: 0x0000000081c00000, size: 2020 MB, Compressed Oops mode: 32-bit

CDS archive(s) mapped at: [0x0000000000000000-0x0000000000000000-0x0000000000000000), size 0, SharedBaseAddress: 0x0000000800000000, ArchiveRelocationMode: 1.
Narrow klass base: 0x0000000000000000, Narrow klass shift: 0, Narrow klass range: 0x0

GC Precious Log:
<Empty>

Heap:
 garbage-first heap   total 0K, used 0K [0x0000000081c00000, 0x0000000100000000)
  region size 1024K, 0 young (0K), 0 survivors (0K)

[error occurred during error reporting (printing heap information), id 0xc0000005, EXCEPTION_ACCESS_VIOLATION (0xc0000005) at pc=0x00007fffe6d73859]

GC Heap History (0 events):
No events

Deoptimization events (0 events):
No events

Classes unloaded (0 events):
No events

Classes redefined (0 events):
No events

Internal exceptions (0 events):
No events

VM Operations (0 events):
No events

Events (1 events):
Event: 0.010 Loaded shared library C:\Program Files\Java\jdk-17\bin\java.dll


Dynamic libraries:
0x00007ff725cd0000 - 0x00007ff725ce0000 	C:\Program Files\Java\jdk-17\bin\java.exe
0x00007ff870e50000 - 0x00007ff871048000 	C:\Windows\SYSTEM32\ntdll.dll
0x00007ff86efd0000 - 0x00007ff86f092000 	C:\Windows\System32\KERNEL32.DLL
0x00007ff86e880000 - 0x00007ff86eb76000 	C:\Windows\System32\KERNELBASE.dll
0x00007ff86e780000 - 0x00007ff86e880000 	C:\Windows\System32\ucrtbase.dll
0x00007ff859be0000 - 0x00007ff859bfb000 	C:\Program Files\Java\jdk-17\bin\VCRUNTIME140.dll
0x00007ff859c00000 - 0x00007ff859c19000 	C:\Program Files\Java\jdk-17\bin\jli.dll
0x00007ff86fa70000 - 0x00007ff86fb21000 	C:\Windows\System32\ADVAPI32.dll
0x00007ff86f0a0000 - 0x00007ff86f13e000 	C:\Windows\System32\msvcrt.dll
0x00007ff870d70000 - 0x00007ff870e0f000 	C:\Windows\System32\sechost.dll
0x00007ff870110000 - 0x00007ff870230000 	C:\Windows\System32\RPCRT4.dll
0x00007ff86ec10000 - 0x00007ff86ec37000 	C:\Windows\System32\bcrypt.dll
0x00007ff86f810000 - 0x00007ff86f9b1000 	C:\Windows\System32\USER32.dll
0x00007ff86e600000 - 0x00007ff86e622000 	C:\Windows\System32\win32u.dll
0x00007ff86fa40000 - 0x00007ff86fa6b000 	C:\Windows\System32\GDI32.dll
0x00007ff86e4e0000 - 0x00007ff86e5f9000 	C:\Windows\System32\gdi32full.dll
0x00007ff86e6e0000 - 0x00007ff86e77d000 	C:\Windows\System32\msvcp_win.dll
0x00007ff85a190000 - 0x00007ff85a42b000 	C:\Windows\WinSxS\amd64_microsoft.windows.common-controls_6595b64144ccf1df_6.0.19041.6456_none_60b8a6cb71f64256\COMCTL32.dll
0x00007ff8632a0000 - 0x00007ff8632aa000 	C:\Windows\SYSTEM32\VERSION.dll
0x00007ff86f5c0000 - 0x00007ff86f5ef000 	C:\Windows\System32\IMM32.DLL
0x00007ff85a450000 - 0x00007ff85a45c000 	C:\Program Files\Java\jdk-17\bin\vcruntime140_1.dll
0x00007ff83cfd0000 - 0x00007ff83d05e000 	C:\Program Files\Java\jdk-17\bin\msvcp140.dll
0x00007fffe66a0000 - 0x00007fffe7280000 	C:\Program Files\Java\jdk-17\bin\server\jvm.dll
0x00007ff870cb0000 - 0x00007ff870cb8000 	C:\Windows\System32\PSAPI.DLL
0x00007ff858bd0000 - 0x00007ff858bf7000 	C:\Windows\SYSTEM32\WINMM.dll
0x00007ff859bd0000 - 0x00007ff859bd9000 	C:\Windows\SYSTEM32\WSOCK32.dll
0x00007ff86fb40000 - 0x00007ff86fbab000 	C:\Windows\System32\WS2_32.dll
0x00007ff86ccb0000 - 0x00007ff86ccc2000 	C:\Windows\SYSTEM32\kernel.appcore.dll
0x00007ff859bc0000 - 0x00007ff859bca000 	C:\Program Files\Java\jdk-17\bin\jimage.dll
0x00007ff86c1b0000 - 0x00007ff86c3b1000 	C:\Windows\SYSTEM32\DBGHELP.DLL
0x00007ff8547c0000 - 0x00007ff8547f4000 	C:\Windows\SYSTEM32\dbgcore.DLL
0x00007ff86eb80000 - 0x00007ff86ec02000 	C:\Windows\System32\bcryptPrimitives.dll
0x00007ff8596a0000 - 0x00007ff8596c5000 	C:\Program Files\Java\jdk-17\bin\java.dll

dbghelp: loaded successfully - version: 4.0.5 - missing functions: none
symbol engine: initialized successfully - sym options: 0x614 - pdb path: .;C:\Program Files\Java\jdk-17\bin;C:\Windows\SYSTEM32;C:\Windows\WinSxS\amd64_microsoft.windows.common-controls_6595b64144ccf1df_6.0.19041.6456_none_60b8a6cb71f64256;C:\Program Files\Java\jdk-17\bin\server

VM Arguments:
jvm_args: --enable-native-access=ALL-UNNAMED 
java_command: <unknown>
java_class_path (initial): <not set>
Launcher Type: SUN_STANDARD

[Global flags]
     intx CICompilerCount                          = 3                                         {product} {ergonomic}
     uint ConcGCThreads                            = 1                                         {product} {ergonomic}
     uint G1ConcRefinementThreads                  = 4                                         {product} {ergonomic}
   size_t G1HeapRegionSize                         = 1048576                                   {product} {ergonomic}
    uintx GCDrainStackTargetSize                   = 64                                        {product} {ergonomic}
   size_t InitialHeapSize                          = 134217728                                 {product} {ergonomic}
   size_t MarkStackSize                            = 4194304                                   {product} {ergonomic}
   size_t MaxHeapSize                              = 2118123520                                {product} {ergonomic}
   size_t MinHeapDeltaBytes                        = 1048576                                   {product} {ergonomic}
   size_t MinHeapSize                              = 8388608                                   {product} {ergonomic}
    uintx NonNMethodCodeHeapSize                   = 5832780                                {pd product} {ergonomic}
    uintx NonProfiledCodeHeapSize                  = 122912730                              {pd product} {ergonomic}
    uintx ProfiledCodeHeapSize                     = 122912730                              {pd product} {ergonomic}
    uintx ReservedCodeCacheSize                    = 251658240                              {pd product} {ergonomic}
     bool SegmentedCodeCache                       = true                                      {product} {ergonomic}
   size_t SoftMaxHeapSize                          = 2118123520                             {manageable} {ergonomic}
     bool UseCompressedClassPointers               = true                           {product lp64_product} {ergonomic}
     bool UseCompressedOops                        = true                           {product lp64_product} {ergonomic}
     bool UseG1GC                                  = true                                      {product} {ergonomic}
     bool UseLargePagesIndividualAllocation        = false                                  {pd product} {ergonomic}

Logging:
Log output configuration:
 #0: stdout all=warning uptime,level,tags
 #1: stderr all=off uptime,level,tags

Environment Variables:
PATH=C:\Program Files\Common Files\Oracle\Java\javapath;C:\Windows\system32;C:\Windows;C:\Windows\System32\Wbem;C:\Windows\System32\WindowsPowerShell\v1.0\;C:\Windows\System32\OpenSSH\;C:\Program Files\nodejs\;C:\Program Files\Git\cmd;C:\Program Files\cursor\resources\app\bin;C:\Program Files\Docker\Docker\resources\bin;C:\Users\dell\AppData\Local\Microsoft\WindowsApps;C:\Users\dell\AppData\Roaming\npm;C:\Program Files\JetBrains\IntelliJ IDEA Community Edition 2025.2.1\bin;C:\Users\dell\AppData\Local\Programs\Microsoft VS Code\bin;C:\Users\dell\AppData\Local\Python\bin;C:\Users\dell\AppData\Local\Programs\Antigravity\bin;c:\Users\dell\.antigravity\extensions\vscjava.vscode-java-debug-0.58.5-universal\bundled\scripts\noConfigScripts
USERNAME=dell
LANG=en_US.UTF-8
OS=Windows_NT
PROCESSOR_IDENTIFIER=Intel64 Family 6 Model 78 Stepping 3, GenuineIntel



---------------  S Y S T E M  ---------------

OS:
 Windows 10 , 64 bit Build 19041 (10.0.19041.5915)
OS uptime: 0 days 0:08 hours
Hyper-V role detected

CPU: total 4 (initial active 4) (2 cores per cpu, 2 threads per core) family 6 model 78 stepping 3 microcode 0xec, cx8, cmov, fxsr, ht, mmx, 3dnowpref, sse, sse2, sse3, ssse3, sse4.1, sse4.2, popcnt, lzcnt, tsc, tscinvbit, avx, avx2, aes, erms, clmul, bmi1, bmi2, rtm, adx, fma, vzeroupper, clflush, clflushopt, hv

Memory: 4k page, system-wide physical 8073M (499M free)
TotalPageFile size 12465M (AvailPageFile size 41M)
current process WorkingSet (physical memory assigned to process): 10M, peak: 10M
current process commit charge ("private bytes"): 51M, peak: 179M

vm_info: Java HotSpot(TM) 64-Bit Server VM (17.0.12+8-LTS-286) for windows-amd64 JRE (17.0.12+8-LTS-286), built on Jun  5 2024 06:46:59 by "mach5one" with MS VC++ 17.6 (VS2022)

END.
